<component name="libraryTable">
  <library name="JUnit">
    <CLASSES>
      <root url="jar:///Library/Java/Extensions/junit-4.8.2.jar!/" />
    </CLASSES>
    <JAVADOC />
    <SOURCES />
  </library>
</component>